TN:
SF:src/App.js
FN:10,App
FN:11,(anonymous_1)
FN:19,(anonymous_2)
FN:23,(anonymous_3)
FN:30,(anonymous_4)
FNF:5
FNH:5
FNDA:3,App
FNDA:5,(anonymous_1)
FNDA:1,(anonymous_2)
FNDA:1,(anonymous_3)
FNDA:1,(anonymous_4)
DA:11,5
DA:12,3
DA:14,3
DA:19,1
DA:23,1
DA:30,1
LF:6
LH:6
BRF:0
BRH:0
end_of_record
TN:
SF:src/redux/reducers/counterReducer.js
FN:9,(anonymous_0)
FN:11,(anonymous_1)
FN:14,(anonymous_2)
FN:17,(anonymous_3)
FNF:4
FNH:4
FNDA:3,(anonymous_0)
FNDA:2,(anonymous_1)
FNDA:2,(anonymous_2)
FNDA:2,(anonymous_3)
DA:3,3
DA:4,3
DA:5,3
DA:7,3
DA:9,3
DA:10,3
DA:12,2
DA:15,2
DA:18,2
LF:9
LH:9
BRF:0
BRH:0
end_of_record
